2025-08-03 16:07:12,897 - INFO - 🚀 BLIP3-o CLIP Reproduction Training (NO NORMALIZATION)
2025-08-03 16:07:12,899 - INFO - ================================================================================
2025-08-03 16:07:12,899 - INFO - 📋 Task: Reproduce CLIP embeddings from EVA embeddings
2025-08-03 16:07:12,899 - INFO - 🧠 Model: BLIP3-o DiT WITHOUT CLIP normalization
2025-08-03 16:07:12,899 - INFO - 🌊 Method: Rectified Flow Matching with raw embeddings
2025-08-03 16:07:12,899 - INFO - 🎯 Target: CLIP embeddings [B, N, 1024] (RAW)
2025-08-03 16:07:12,899 - INFO - 🎮 Conditioning: EVA embeddings [B, N, 4096]
2025-08-03 16:07:12,899 - INFO - 🔑 Focus: Training without data-dependent normalization
2025-08-03 16:07:12,899 - INFO - ================================================================================
2025-08-03 16:07:12,899 - INFO - 🛠️ KEY CHANGES:
2025-08-03 16:07:12,899 - INFO -    ✅ 1. No CLIP normalization/denormalization
2025-08-03 16:07:12,899 - INFO -    ✅ 2. Work directly with raw CLIP embeddings
2025-08-03 16:07:12,899 - INFO -    ✅ 3. No dependency on training data statistics
2025-08-03 16:07:12,899 - INFO -    ✅ 4. Simplified training and evaluation pipeline
2025-08-03 16:07:12,899 - INFO -    ✅ 5. Optional simple data-independent scaling
2025-08-03 16:07:12,899 - INFO - ================================================================================
2025-08-03 16:07:12,901 - INFO - Found 35 embedding files
2025-08-03 16:07:12,902 - WARNING - ⚠️ Large batch size (128) may cause memory issues
2025-08-03 16:07:12,902 - INFO - Configuration (NO NORMALIZATION):
2025-08-03 16:07:12,902 - INFO -   Model size: base
2025-08-03 16:07:12,902 - INFO -   Training mode: patch_only
2025-08-03 16:07:12,902 - INFO -   Embeddings dir: /scratch-shared/azadaianchuk1/blip3o_workspace/embeddings/patch_only_256_tokens
2025-08-03 16:07:12,902 - INFO -   Output dir: ./checkpoints/blip3o_no_norm_20250803_160710
2025-08-03 16:07:12,902 - INFO -   Learning rate: 4e-05
2025-08-03 16:07:12,902 - INFO -   Batch size: 128
2025-08-03 16:07:12,902 - INFO -   Epochs: 10
2025-08-03 16:07:12,902 - INFO -   Max shards: 35
2025-08-03 16:07:12,902 - INFO -   Simple scale factor: 1.0
2025-08-03 16:07:12,902 - INFO -   Loss weights:
2025-08-03 16:07:12,902 - INFO -     Velocity: 1.0
2025-08-03 16:07:12,902 - INFO -     Semantic: 0.5
2025-08-03 16:07:12,902 - INFO -     Cosine: 0.2
2025-08-03 16:07:12,902 - INFO -     Consistency: 0.3
2025-08-03 16:07:12,902 - INFO -   EVA adapter: ✅ ENABLED
2025-08-03 16:07:12,902 - INFO -   Heun inference: ✅ ENABLED
2025-08-03 16:07:12,902 - INFO -   Normalization: DISABLED
2025-08-03 16:07:13,176 - INFO - Using GPU: NVIDIA H100
2025-08-03 16:07:13,176 - INFO - GPU Memory: 100.0 GB
2025-08-03 16:07:13,176 - INFO - PyTorch version: 2.7.1+cu126
2025-08-03 16:07:19,362 - INFO - ✅ CLIP DiT model loaded successfully
2025-08-03 16:07:19,365 - INFO - ✅ Flow matching loss loaded successfully
2025-08-03 16:07:20,064 - INFO - ✅ CLIP trainer loaded successfully
2025-08-03 16:07:20,068 - INFO - ✅ CLIP datasets loaded successfully
2025-08-03 16:07:20,072 - INFO - ✅ Configuration loaded successfully
2025-08-03 16:07:20,072 - INFO - 🎉 All CLIP reproduction components loaded successfully!
2025-08-03 16:07:20,072 - INFO - 🎉 Clean BLIP3-o CLIP reproduction modules fully initialized!
2025-08-03 16:07:20,072 - INFO - 🎯 Ready for EVA → CLIP reproduction training
2025-08-03 16:07:20,072 - INFO - ✅ Dataset module loaded (NO NORMALIZATION)
2025-08-03 16:07:20,072 - INFO - ✅ Model module loaded
2025-08-03 16:07:20,072 - INFO - ✅ Loss module loaded (NO NORMALIZATION)
2025-08-03 16:07:20,072 - INFO - ✅ Trainer module loaded (NO NORMALIZATION)
2025-08-03 16:07:20,072 - INFO - ✅ All required modules loaded successfully
2025-08-03 16:07:20,072 - INFO - ✅ Environment check passed
2025-08-03 16:07:20,072 - INFO - ✅ Output directory ready: checkpoints/blip3o_no_norm_20250803_160710
2025-08-03 16:07:20,072 - INFO - 🏗️ Creating model...
2025-08-03 16:07:20,073 - INFO - ✅ Configuration validation passed
2025-08-03 16:07:20,501 - INFO - ✅ EVA-CLIP Adapter initialized: 4096 → 768
2025-08-03 16:07:20,501 - INFO -    Layers: 6, Dropout: 0.1, Residual: True
2025-08-03 16:07:21,952 - INFO - ✅ Stable initialization applied with depth scale: 0.2887
2025-08-03 16:07:21,954 - INFO - ✅ IMPROVED BLIP3-o CLIP DiT model initialized: 227,474,014 parameters
2025-08-03 16:07:21,954 - INFO -   🔥 EVA adapter: ENABLED
2025-08-03 16:07:21,954 - INFO -   🚀 Heun solver: ENABLED
2025-08-03 16:07:21,954 - INFO -   ⚡ Attention caching: Available
2025-08-03 16:07:21,954 - INFO - ✅ IMPROVED BLIP3-o model created:
2025-08-03 16:07:21,954 - INFO -    Size: base
2025-08-03 16:07:21,955 - INFO -    Parameters: 227,474,014
2025-08-03 16:07:21,955 - INFO -    EVA adapter: ✅
2025-08-03 16:07:21,955 - INFO -    Heun solver: ✅
2025-08-03 16:07:21,955 - INFO -    3D RoPE: ✅
2025-08-03 16:07:21,955 - INFO -    Sandwich norm: ✅
2025-08-03 16:07:22,193 - INFO - ✅ Model created with 227,474,014 parameters
2025-08-03 16:07:22,193 - INFO -   Model size: base
2025-08-03 16:07:22,194 - INFO -   Training mode: patch_only
2025-08-03 16:07:22,194 - INFO -   3D RoPE: ✅ ENABLED
2025-08-03 16:07:22,194 - INFO -   Sandwich Norm: ✅ ENABLED
2025-08-03 16:07:22,194 - INFO -   EVA Adapter: ✅ ENABLED
2025-08-03 16:07:22,194 - INFO -   Heun Solver: ✅ ENABLED
2025-08-03 16:07:22,194 - INFO - 🌊 Creating loss function...
2025-08-03 16:07:22,194 - INFO - ✅ Flow Matching Loss initialized (NO NORMALIZATION):
2025-08-03 16:07:22,194 - INFO -   Prediction type: velocity
2025-08-03 16:07:22,194 - INFO -   Flow type: rectified
2025-08-03 16:07:22,194 - INFO -   Weights - Velocity: 1.0, Semantic: 0.5, Cosine: 0.2
2025-08-03 16:07:22,194 - INFO -   Consistency weight: 0.3
2025-08-03 16:07:22,194 - INFO -   Normalization: DISABLED
2025-08-03 16:07:22,194 - INFO - ✅ Loss function created (NO NORMALIZATION):
2025-08-03 16:07:22,194 - INFO -   Prediction type: velocity
2025-08-03 16:07:22,194 - INFO -   Flow type: rectified
2025-08-03 16:07:22,194 - INFO -   Weights - Velocity: 1.0, Semantic: 0.5, Cosine: 0.2
2025-08-03 16:07:22,194 - INFO -   Consistency weight: 0.3
2025-08-03 16:07:22,194 - INFO -   Timestep weighting: ✅ ENABLED
2025-08-03 16:07:22,194 - INFO -   Normalization: DISABLED
2025-08-03 16:07:22,194 - INFO - 📊 Creating dataloaders (NO NORMALIZATION)...
2025-08-03 16:07:22,194 - INFO - Loading embeddings from: /scratch-shared/azadaianchuk1/blip3o_workspace/embeddings/patch_only_256_tokens
2025-08-03 16:07:22,194 - INFO - Found 35 .pkl files in embeddings directory
2025-08-03 16:07:22,195 - INFO - Creating CLIP reproduction dataloaders (NO NORMALIZATION):
2025-08-03 16:07:22,195 - INFO -   Target: CLIP embeddings [B, N, 1024] (RAW)
2025-08-03 16:07:22,195 - INFO -   Conditioning: EVA embeddings [B, N, 4096]
2025-08-03 16:07:22,195 - INFO -   Simple scale factor: 1.0
2025-08-03 16:07:22,195 - INFO -   Timestep sampling: U-shaped distribution
2025-08-03 16:07:22,251 - INFO - Loaded manifest: 35 shards, 91,333 samples
2025-08-03 16:07:22,252 - INFO - Found 35 files with pattern: embeddings_shard_*_patch_only.pkl
2025-08-03 16:07:22,392 - INFO - Prepared 35 shard files
2025-08-03 16:07:22,392 - INFO - Using manifest for length estimation: 91,333 samples
2025-08-03 16:07:22,392 - INFO - BLIP3-o CLIP Reproduction Dataset initialized (NO NORMALIZATION):
2025-08-03 16:07:22,392 - INFO -   Directory: /scratch-shared/azadaianchuk1/blip3o_workspace/embeddings/patch_only_256_tokens
2025-08-03 16:07:22,392 - INFO -   Mode: patch_only (256 tokens)
2025-08-03 16:07:22,392 - INFO -   TARGET: CLIP embeddings [B, N, 1024] (RAW - NO NORMALIZATION)
2025-08-03 16:07:22,392 - INFO -   CONDITIONING: EVA embeddings [B, N, 4096]
2025-08-03 16:07:22,392 - INFO -   Shards: 35
2025-08-03 16:07:22,392 - INFO -   Simple scale factor: 1.0
2025-08-03 16:07:22,392 - INFO -   ✅ CLIP normalization: DISABLED
2025-08-03 16:07:22,392 - INFO - Loaded manifest: 35 shards, 91,333 samples
2025-08-03 16:07:22,393 - INFO - Found 35 files with pattern: embeddings_shard_*_patch_only.pkl
2025-08-03 16:07:22,393 - INFO - Prepared 35 shard files
2025-08-03 16:07:22,393 - INFO - Using manifest for length estimation: 91,333 samples
2025-08-03 16:07:22,393 - INFO - BLIP3-o CLIP Reproduction Dataset initialized (NO NORMALIZATION):
2025-08-03 16:07:22,393 - INFO -   Directory: /scratch-shared/azadaianchuk1/blip3o_workspace/embeddings/patch_only_256_tokens
2025-08-03 16:07:22,393 - INFO -   Mode: patch_only (256 tokens)
2025-08-03 16:07:22,393 - INFO -   TARGET: CLIP embeddings [B, N, 1024] (RAW - NO NORMALIZATION)
2025-08-03 16:07:22,393 - INFO -   CONDITIONING: EVA embeddings [B, N, 4096]
2025-08-03 16:07:22,393 - INFO -   Shards: 35
2025-08-03 16:07:22,393 - INFO -   Simple scale factor: 1.0
2025-08-03 16:07:22,393 - INFO -   ✅ CLIP normalization: DISABLED
2025-08-03 16:07:22,394 - INFO - ✅ CLIP reproduction dataloaders created (NO NORMALIZATION)
2025-08-03 16:07:22,394 - INFO -   Training dataset length: 91,333
2025-08-03 16:07:22,394 - INFO -   Evaluation dataset length: 91,333
2025-08-03 16:07:22,394 - INFO -   🔥 CLIP normalization: DISABLED
2025-08-03 16:07:22,394 - INFO - ✅ Dataloaders created successfully (NO NORMALIZATION):
2025-08-03 16:07:22,394 - INFO -   Training mode: patch_only
2025-08-03 16:07:22,394 - INFO -   Batch size: 128
2025-08-03 16:07:22,394 - INFO -   Max shards: 35
2025-08-03 16:07:22,394 - INFO -   Simple scale factor: 1.0
2025-08-03 16:07:22,394 - INFO -   CLIP normalization: DISABLED
2025-08-03 16:07:27,016 - INFO - ✅ Dataloader test successful:
2025-08-03 16:07:27,016 - INFO -   Batch size: 128
2025-08-03 16:07:27,016 - INFO -   CLIP embeddings shape: torch.Size([128, 256, 1024])
2025-08-03 16:07:27,016 - INFO -   EVA embeddings shape: torch.Size([128, 256, 4096])
2025-08-03 16:07:27,019 - INFO -   Raw CLIP range: [-37.062, 223.375]
2025-08-03 16:07:27,019 - INFO - 🏃 Creating trainer...
2025-08-03 16:07:27,022 - INFO - Got exact dataloader length: 713
2025-08-03 16:07:27,024 - INFO - ✅ Conservative optimizer setup complete
2025-08-03 16:07:27,024 - INFO - ✅ Mixed precision enabled
2025-08-03 16:07:28,451 - INFO - ✅ WandB initialized: blip3o-clip-no-norm
2025-08-03 16:07:28,452 - INFO - ✅ BLIP3-o Trainer initialized (NO NORMALIZATION)
2025-08-03 16:07:28,452 - INFO -   Device: cuda
2025-08-03 16:07:28,453 - INFO -   Parameters: 227,474,014
2025-08-03 16:07:28,453 - INFO -   CLIP normalization: DISABLED
2025-08-03 16:07:28,453 - INFO -   Enhanced stability features: enabled
2025-08-03 16:07:28,453 - INFO - ✅ Trainer created successfully (NO NORMALIZATION):
2025-08-03 16:07:28,453 - INFO -   Evaluation: Every 500 steps
2025-08-03 16:07:28,453 - INFO -   WandB enabled: True
2025-08-03 16:07:28,453 - INFO -   Heun inference: ✅ ENABLED
2025-08-03 16:07:28,453 - INFO -   Normalization: DISABLED
2025-08-03 16:07:28,453 - INFO - 💾 Saving experiment configuration...
2025-08-03 16:07:28,455 - INFO - ✅ Configuration saved to checkpoints/blip3o_no_norm_20250803_160710/experiment_config.json
2025-08-03 16:07:28,456 - INFO - 
🚀 Starting BLIP3-o training (NO NORMALIZATION)...
2025-08-03 16:07:28,456 - INFO - ================================================================================
2025-08-03 16:07:28,456 - INFO - 🎯 Expected Results:
2025-08-03 16:07:28,456 - INFO -    • Simplified training without normalization concerns
2025-08-03 16:07:28,456 - INFO -    • Direct work with original CLIP embedding space
2025-08-03 16:07:28,456 - INFO -    • No dependency on training data statistics
2025-08-03 16:07:28,456 - INFO -    • Easier debugging and evaluation
2025-08-03 16:07:28,456 - INFO - ================================================================================
2025-08-03 16:07:28,456 - INFO - 🚀 Starting BLIP3-o training (NO NORMALIZATION)...
2025-08-03 16:07:28,456 - INFO -   Enhanced stability monitoring active
2025-08-03 16:07:28,456 - INFO -   WandB logging: ✅ ENABLED
2025-08-03 16:07:28,459 - INFO - Starting epoch 1/10
2025-08-03 16:07:42,867 - INFO - Step 10: Loss=2.059664, GradNorm=44975.086, Failures=0
2025-08-03 16:07:43,836 - WARNING - ⚠️ High gradients detected, using stricter clipping: 0.500
2025-08-03 16:07:44,822 - WARNING - ⚠️ High gradients detected, using stricter clipping: 0.500
2025-08-03 16:07:45,806 - WARNING - ⚠️ High gradients detected, using stricter clipping: 0.500
2025-08-03 16:07:46,791 - WARNING - ⚠️ High gradients detected, using stricter clipping: 0.500
2025-08-03 16:07:47,775 - WARNING - ⚠️ High gradients detected, using stricter clipping: 0.500
2025-08-03 16:07:48,760 - WARNING - ⚠️ High gradients detected, using stricter clipping: 0.500
2025-08-03 16:07:49,745 - WARNING - ⚠️ High gradients detected, using stricter clipping: 0.500
2025-08-03 16:07:50,730 - WARNING - ⚠️ High gradients detected, using stricter clipping: 0.500
2025-08-03 16:07:51,719 - WARNING - ⚠️ High gradients detected, using stricter clipping: 0.500
2025-08-03 16:07:57,252 - WARNING - ⚠️ High gradients detected, using stricter clipping: 0.500
2025-08-03 16:07:57,269 - INFO - Step 20: Loss=2.068003, GradNorm=43451.758, Failures=0
2025-08-03 16:07:58,236 - WARNING - ⚠️ High gradients detected, using stricter clipping: 0.500
2025-08-03 16:07:59,222 - WARNING - ⚠️ High gradients detected, using stricter clipping: 0.500
2025-08-03 16:08:00,208 - WARNING - ⚠️ High gradients detected, using stricter clipping: 0.500
2025-08-03 16:08:01,195 - WARNING - ⚠️ High gradients detected, using stricter clipping: 0.500
2025-08-03 16:08:02,180 - WARNING - ⚠️ High gradients detected, using stricter clipping: 0.500
2025-08-03 16:08:03,166 - WARNING - ⚠️ High gradients detected, using stricter clipping: 0.500
2025-08-03 16:08:04,151 - WARNING - ⚠️ High gradients detected, using stricter clipping: 0.500
2025-08-03 16:08:05,135 - WARNING - ⚠️ High gradients detected, using stricter clipping: 0.500
2025-08-03 16:08:06,120 - WARNING - ⚠️ High gradients detected, using stricter clipping: 0.500
2025-08-03 16:08:07,106 - WARNING - ⚠️ High gradients detected, using stricter clipping: 0.500
2025-08-03 16:08:07,125 - INFO - Step 30: Loss=2.089513, GradNorm=40542.491, Failures=0
2025-08-03 16:08:08,092 - WARNING - ⚠️ High gradients detected, using stricter clipping: 0.500
2025-08-03 16:08:09,077 - WARNING - ⚠️ High gradients detected, using stricter clipping: 0.500
2025-08-03 16:08:10,062 - WARNING - ⚠️ High gradients detected, using stricter clipping: 0.500
2025-08-03 16:08:11,048 - WARNING - ⚠️ High gradients detected, using stricter clipping: 0.500
2025-08-03 16:08:12,033 - WARNING - ⚠️ High gradients detected, using stricter clipping: 0.500
2025-08-03 16:08:13,018 - WARNING - ⚠️ High gradients detected, using stricter clipping: 0.500
2025-08-03 16:08:14,003 - WARNING - ⚠️ High gradients detected, using stricter clipping: 0.500
2025-08-03 16:08:14,990 - WARNING - ⚠️ High gradients detected, using stricter clipping: 0.500
2025-08-03 16:08:15,976 - WARNING - ⚠️ High gradients detected, using stricter clipping: 0.500
2025-08-03 16:08:16,961 - WARNING - ⚠️ High gradients detected, using stricter clipping: 0.500
2025-08-03 16:08:16,978 - INFO - Step 40: Loss=2.027358, GradNorm=39749.722, Failures=0
2025-08-03 16:08:22,420 - WARNING - ⚠️ High gradients detected, using stricter clipping: 0.500
2025-08-03 16:08:23,406 - WARNING - ⚠️ High gradients detected, using stricter clipping: 0.500
2025-08-03 16:08:24,393 - WARNING - ⚠️ High gradients detected, using stricter clipping: 0.500
2025-08-03 16:08:25,379 - WARNING - ⚠️ High gradients detected, using stricter clipping: 0.500
2025-08-03 16:08:26,365 - WARNING - ⚠️ High gradients detected, using stricter clipping: 0.500
2025-08-03 16:08:27,350 - WARNING - ⚠️ High gradients detected, using stricter clipping: 0.500
2025-08-03 16:08:28,336 - WARNING - ⚠️ High gradients detected, using stricter clipping: 0.500
2025-08-03 16:08:29,321 - WARNING - ⚠️ High gradients detected, using stricter clipping: 0.500
2025-08-03 16:08:30,306 - WARNING - ⚠️ High gradients detected, using stricter clipping: 0.500
2025-08-03 16:08:31,291 - WARNING - ⚠️ High gradients detected, using stricter clipping: 0.500
2025-08-03 16:08:31,307 - INFO - Step 50: Loss=2.021053, GradNorm=39171.159, Failures=0
2025-08-03 16:08:32,276 - WARNING - ⚠️ High gradients detected, using stricter clipping: 0.500
2025-08-03 16:08:33,260 - WARNING - ⚠️ High gradients detected, using stricter clipping: 0.500
2025-08-03 16:08:34,245 - WARNING - ⚠️ High gradients detected, using stricter clipping: 0.500
2025-08-03 16:08:35,230 - WARNING - ⚠️ High gradients detected, using stricter clipping: 0.500
2025-08-03 16:08:36,215 - WARNING - ⚠️ High gradients detected, using stricter clipping: 0.500
2025-08-03 16:08:37,200 - WARNING - ⚠️ High gradients detected, using stricter clipping: 0.500
2025-08-03 16:08:38,185 - WARNING - ⚠️ High gradients detected, using stricter clipping: 0.500
2025-08-03 16:08:39,171 - WARNING - ⚠️ High gradients detected, using stricter clipping: 0.500
2025-08-03 16:08:40,156 - WARNING - ⚠️ High gradients detected, using stricter clipping: 0.500
2025-08-03 16:08:41,141 - WARNING - ⚠️ High gradients detected, using stricter clipping: 0.500
2025-08-03 16:08:41,158 - INFO - Step 60: Loss=2.039747, GradNorm=36960.371, Failures=0
2025-08-03 16:08:46,641 - WARNING - ⚠️ High gradients detected, using stricter clipping: 0.500
2025-08-03 16:08:47,628 - WARNING - ⚠️ High gradients detected, using stricter clipping: 0.500
2025-08-03 16:08:48,613 - WARNING - ⚠️ High gradients detected, using stricter clipping: 0.500
2025-08-03 16:08:49,599 - WARNING - ⚠️ High gradients detected, using stricter clipping: 0.500
2025-08-03 16:08:50,585 - WARNING - ⚠️ High gradients detected, using stricter clipping: 0.500
2025-08-03 16:08:51,571 - WARNING - ⚠️ High gradients detected, using stricter clipping: 0.500
2025-08-03 16:08:52,557 - WARNING - ⚠️ High gradients detected, using stricter clipping: 0.500
2025-08-03 16:08:53,543 - WARNING - ⚠️ High gradients detected, using stricter clipping: 0.500
2025-08-03 16:08:54,529 - WARNING - ⚠️ High gradients detected, using stricter clipping: 0.500
2025-08-03 16:08:55,515 - WARNING - ⚠️ High gradients detected, using stricter clipping: 0.500
2025-08-03 16:08:55,532 - INFO - Step 70: Loss=2.054414, GradNorm=35576.879, Failures=0
2025-08-03 16:08:56,500 - WARNING - ⚠️ High gradients detected, using stricter clipping: 0.500
2025-08-03 16:08:57,486 - WARNING - ⚠️ High gradients detected, using stricter clipping: 0.500
2025-08-03 16:08:58,473 - WARNING - ⚠️ High gradients detected, using stricter clipping: 0.500
2025-08-03 16:08:59,459 - WARNING - ⚠️ High gradients detected, using stricter clipping: 0.500
2025-08-03 16:09:00,445 - WARNING - ⚠️ High gradients detected, using stricter clipping: 0.500
2025-08-03 16:09:01,431 - WARNING - ⚠️ High gradients detected, using stricter clipping: 0.500
2025-08-03 16:09:02,418 - WARNING - ⚠️ High gradients detected, using stricter clipping: 0.500
2025-08-03 16:09:03,404 - WARNING - ⚠️ High gradients detected, using stricter clipping: 0.500
2025-08-03 16:09:04,390 - WARNING - ⚠️ High gradients detected, using stricter clipping: 0.500
2025-08-03 16:09:05,377 - WARNING - ⚠️ High gradients detected, using stricter clipping: 0.500
2025-08-03 16:09:05,394 - INFO - Step 80: Loss=2.018002, GradNorm=36789.587, Failures=0
2025-08-03 16:09:06,362 - WARNING - ⚠️ High gradients detected, using stricter clipping: 0.500
2025-08-03 16:09:11,746 - WARNING - ⚠️ High gradients detected, using stricter clipping: 0.500
2025-08-03 16:09:12,733 - WARNING - ⚠️ High gradients detected, using stricter clipping: 0.500
2025-08-03 16:09:13,719 - WARNING - ⚠️ High gradients detected, using stricter clipping: 0.500
2025-08-03 16:09:14,706 - WARNING - ⚠️ High gradients detected, using stricter clipping: 0.500
2025-08-03 16:09:15,691 - WARNING - ⚠️ High gradients detected, using stricter clipping: 0.500
2025-08-03 16:09:16,676 - WARNING - ⚠️ High gradients detected, using stricter clipping: 0.500
2025-08-03 16:09:17,662 - WARNING - ⚠️ High gradients detected, using stricter clipping: 0.500
2025-08-03 16:09:18,648 - WARNING - ⚠️ High gradients detected, using stricter clipping: 0.500
2025-08-03 16:09:19,634 - WARNING - ⚠️ High gradients detected, using stricter clipping: 0.500
2025-08-03 16:09:19,651 - INFO - Step 90: Loss=2.007230, GradNorm=36501.676, Failures=0
2025-08-03 16:09:20,620 - WARNING - ⚠️ High gradients detected, using stricter clipping: 0.500
2025-08-03 16:09:21,606 - WARNING - ⚠️ High gradients detected, using stricter clipping: 0.500
2025-08-03 16:09:22,593 - WARNING - ⚠️ High gradients detected, using stricter clipping: 0.500
2025-08-03 16:09:23,578 - WARNING - ⚠️ High gradients detected, using stricter clipping: 0.500
2025-08-03 16:09:24,563 - WARNING - ⚠️ High gradients detected, using stricter clipping: 0.500
2025-08-03 16:09:25,549 - WARNING - ⚠️ High gradients detected, using stricter clipping: 0.500
2025-08-03 16:09:26,538 - WARNING - ⚠️ High gradients detected, using stricter clipping: 0.500
2025-08-03 16:09:27,525 - WARNING - ⚠️ High gradients detected, using stricter clipping: 0.500
2025-08-03 16:09:28,511 - WARNING - ⚠️ High gradients detected, using stricter clipping: 0.500
2025-08-03 16:09:29,498 - WARNING - ⚠️ High gradients detected, using stricter clipping: 0.500
2025-08-03 16:09:29,515 - INFO - Step 100: Loss=2.009633, GradNorm=36093.189, Failures=0
2025-08-03 16:09:30,483 - WARNING - ⚠️ High gradients detected, using stricter clipping: 0.500
2025-08-03 16:09:36,176 - WARNING - ⚠️ High gradients detected, using stricter clipping: 0.500
2025-08-03 16:09:37,162 - WARNING - ⚠️ High gradients detected, using stricter clipping: 0.500
2025-08-03 16:09:38,148 - WARNING - ⚠️ High gradients detected, using stricter clipping: 0.500
2025-08-03 16:09:39,133 - WARNING - ⚠️ High gradients detected, using stricter clipping: 0.500
2025-08-03 16:09:40,118 - WARNING - ⚠️ High gradients detected, using stricter clipping: 0.500
2025-08-03 16:09:41,103 - WARNING - ⚠️ High gradients detected, using stricter clipping: 0.500
2025-08-03 16:09:42,089 - WARNING - ⚠️ High gradients detected, using stricter clipping: 0.500
2025-08-03 16:09:43,074 - WARNING - ⚠️ High gradients detected, using stricter clipping: 0.500
2025-08-03 16:09:44,059 - WARNING - ⚠️ High gradients detected, using stricter clipping: 0.500
2025-08-03 16:09:44,076 - INFO - Step 110: Loss=1.994226, GradNorm=38039.228, Failures=0
2025-08-03 16:09:45,045 - WARNING - ⚠️ High gradients detected, using stricter clipping: 0.500
2025-08-03 16:09:46,031 - WARNING - ⚠️ High gradients detected, using stricter clipping: 0.500
2025-08-03 16:09:47,016 - WARNING - ⚠️ High gradients detected, using stricter clipping: 0.500
2025-08-03 16:09:48,002 - WARNING - ⚠️ High gradients detected, using stricter clipping: 0.500
2025-08-03 16:09:48,988 - WARNING - ⚠️ High gradients detected, using stricter clipping: 0.500
2025-08-03 16:09:49,974 - WARNING - ⚠️ High gradients detected, using stricter clipping: 0.500
2025-08-03 16:09:50,959 - WARNING - ⚠️ High gradients detected, using stricter clipping: 0.500
2025-08-03 16:09:51,945 - WARNING - ⚠️ High gradients detected, using stricter clipping: 0.500
2025-08-03 16:09:52,932 - WARNING - ⚠️ High gradients detected, using stricter clipping: 0.500
2025-08-03 16:09:53,919 - WARNING - ⚠️ High gradients detected, using stricter clipping: 0.500
2025-08-03 16:09:53,936 - INFO - Step 120: Loss=1.962869, GradNorm=39600.567, Failures=0
2025-08-03 16:09:54,905 - WARNING - ⚠️ High gradients detected, using stricter clipping: 0.500
2025-08-03 16:10:00,738 - WARNING - ⚠️ High gradients detected, using stricter clipping: 0.500
2025-08-03 16:10:01,723 - WARNING - ⚠️ High gradients detected, using stricter clipping: 0.500
2025-08-03 16:10:02,710 - WARNING - ⚠️ High gradients detected, using stricter clipping: 0.500
2025-08-03 16:10:03,695 - WARNING - ⚠️ High gradients detected, using stricter clipping: 0.500
2025-08-03 16:10:04,681 - WARNING - ⚠️ High gradients detected, using stricter clipping: 0.500
2025-08-03 16:10:05,666 - WARNING - ⚠️ High gradients detected, using stricter clipping: 0.500
2025-08-03 16:10:06,652 - WARNING - ⚠️ High gradients detected, using stricter clipping: 0.500
2025-08-03 16:10:07,647 - WARNING - ⚠️ High gradients detected, using stricter clipping: 0.500
2025-08-03 16:10:08,632 - WARNING - ⚠️ High gradients detected, using stricter clipping: 0.500
2025-08-03 16:10:08,649 - INFO - Step 130: Loss=1.999779, GradNorm=46305.444, Failures=0
2025-08-03 16:10:09,616 - WARNING - ⚠️ High gradients detected, using stricter clipping: 0.500
2025-08-03 16:10:10,602 - WARNING - ⚠️ High gradients detected, using stricter clipping: 0.500
2025-08-03 16:10:11,588 - WARNING - ⚠️ High gradients detected, using stricter clipping: 0.500
2025-08-03 16:10:12,573 - WARNING - ⚠️ High gradients detected, using stricter clipping: 0.500
2025-08-03 16:10:13,561 - WARNING - ⚠️ High gradients detected, using stricter clipping: 0.500
2025-08-03 16:10:14,549 - WARNING - ⚠️ High gradients detected, using stricter clipping: 0.500
2025-08-03 16:10:15,536 - WARNING - ⚠️ High gradients detected, using stricter clipping: 0.500
2025-08-03 16:10:16,522 - WARNING - ⚠️ High gradients detected, using stricter clipping: 0.500
2025-08-03 16:10:17,507 - WARNING - ⚠️ High gradients detected, using stricter clipping: 0.500
2025-08-03 16:10:18,493 - WARNING - ⚠️ High gradients detected, using stricter clipping: 0.500
2025-08-03 16:10:18,510 - INFO - Step 140: Loss=1.927170, GradNorm=38851.303, Failures=0
2025-08-03 16:10:19,479 - WARNING - ⚠️ High gradients detected, using stricter clipping: 0.500
